429 INFO: PyInstaller: 6.19.0, contrib hooks: 2026.4
458 INFO: Python: 3.13.12
543 INFO: Platform: Windows-10-10.0.19045-SP0
558 INFO: Python environment: C:\Users\Estudio\AppData\Local\Programs\Python\Python313
575 INFO: Removing temporary files and cleaning cache in C:\Users\Estudio\AppData\Local\pyinstaller
595 INFO: Module search paths (PYTHONPATH):
['E:\\PROGRAMA CONTROLE OFICINA DE PESCA\\PROGRAMA OFICINA',
 'C:\\Users\\Estudio\\AppData\\Local\\Programs\\Python\\Python313\\python313.zip',
 'C:\\Users\\Estudio\\AppData\\Local\\Programs\\Python\\Python313\\DLLs',
 'C:\\Users\\Estudio\\AppData\\Local\\Programs\\Python\\Python313\\Lib',
 'C:\\Users\\Estudio\\AppData\\Local\\Programs\\Python\\Python313',
 'C:\\Users\\Estudio\\AppData\\Local\\Programs\\Python\\Python313\\Lib\\site-packages',
 'E:\\PROGRAMA CONTROLE OFICINA DE PESCA\\PROGRAMA OFICINA']
1918 INFO: Appending 'datas' from .spec
1920 INFO: checking Analysis
1921 INFO: Building Analysis because Analysis-00.toc is non existent
1922 INFO: Looking for Python shared library...
1923 INFO: Using Python shared library: C:\Users\Estudio\AppData\Local\Programs\Python\Python313\python313.dll
1924 INFO: Running Analysis Analysis-00.toc
1925 INFO: Target bytecode optimization level: 0
1926 INFO: Initializing module dependency graph...
1929 INFO: Initializing module graph hook caches...
1968 INFO: Analyzing modules for base_library.zip ...
4883 INFO: Processing standard module hook 'hook-encodings.py' from 'C:\\Users\\Estudio\\AppData\\Local\\Programs\\Python\\Python313\\Lib\\site-packages\\PyInstaller\\hooks'
10568 INFO: Processing standard module hook 'hook-pickle.py' from 'C:\\Users\\Estudio\\AppData\\Local\\Programs\\Python\\Python313\\Lib\\site-packages\\PyInstaller\\hooks'
13952 INFO: Processing standard module hook 'hook-heapq.py' from 'C:\\Users\\Estudio\\AppData\\Local\\Programs\\Python\\Python313\\Lib\\site-packages\\PyInstaller\\hooks'
15646 INFO: Caching module dependency graph...
15782 INFO: Analyzing E:\PROGRAMA CONTROLE OFICINA DE PESCA\PROGRAMA OFICINA\login.py
15882 INFO: Processing standard module hook 'hook-customtkinter.py' from 'C:\\Users\\Estudio\\AppData\\Local\\Programs\\Python\\Python313\\Lib\\site-packages\\_pyinstaller_hooks_contrib\\stdhooks'
16151 INFO: Processing pre-find-module-path hook 'hook-tkinter.py' from 'C:\\Users\\Estudio\\AppData\\Local\\Programs\\Python\\Python313\\Lib\\site-packages\\PyInstaller\\hooks\\pre_find_module_path'
16154 INFO: TclTkInfo: initializing cached Tcl/Tk info...
17685 INFO: Processing standard module hook 'hook-_tkinter.py' from 'C:\\Users\\Estudio\\AppData\\Local\\Programs\\Python\\Python313\\Lib\\site-packages\\PyInstaller\\hooks'
17969 INFO: Processing standard module hook 'hook-platform.py' from 'C:\\Users\\Estudio\\AppData\\Local\\Programs\\Python\\Python313\\Lib\\site-packages\\PyInstaller\\hooks'
18092 INFO: Processing standard module hook 'hook-sysconfig.py' from 'C:\\Users\\Estudio\\AppData\\Local\\Programs\\Python\\Python313\\Lib\\site-packages\\PyInstaller\\hooks'
18108 INFO: Processing standard module hook 'hook-_ctypes.py' from 'C:\\Users\\Estudio\\AppData\\Local\\Programs\\Python\\Python313\\Lib\\site-packages\\PyInstaller\\hooks'
18125 INFO: Processing pre-safe-import-module hook 'hook-packaging.py' from 'C:\\Users\\Estudio\\AppData\\Local\\Programs\\Python\\Python313\\Lib\\site-packages\\PyInstaller\\hooks\\pre_safe_import_module'
18128 INFO: SetuptoolsInfo: initializing cached setuptools info...
20175 INFO: Processing pre-safe-import-module hook 'hook-typing_extensions.py' from 'C:\\Users\\Estudio\\AppData\\Local\\Programs\\Python\\Python313\\Lib\\site-packages\\PyInstaller\\hooks\\pre_safe_import_module'
21173 INFO: Processing standard module hook 'hook-multiprocessing.util.py' from 'C:\\Users\\Estudio\\AppData\\Local\\Programs\\Python\\Python313\\Lib\\site-packages\\PyInstaller\\hooks'
21852 INFO: Processing standard module hook 'hook-xml.py' from 'C:\\Users\\Estudio\\AppData\\Local\\Programs\\Python\\Python313\\Lib\\site-packages\\PyInstaller\\hooks'
25344 INFO: Processing standard module hook 'hook-PIL.py' from 'C:\\Users\\Estudio\\AppData\\Local\\Programs\\Python\\Python313\\Lib\\site-packages\\PyInstaller\\hooks'
25759 INFO: Processing standard module hook 'hook-PIL.Image.py' from 'C:\\Users\\Estudio\\AppData\\Local\\Programs\\Python\\Python313\\Lib\\site-packages\\PyInstaller\\hooks'
26815 INFO: Processing standard module hook 'hook-numpy.py' from 'C:\\Users\\Estudio\\AppData\\Local\\Programs\\Python\\Python313\\Lib\\site-packages\\PyInstaller\\hooks'
32089 INFO: Processing standard module hook 'hook-difflib.py' from 'C:\\Users\\Estudio\\AppData\\Local\\Programs\\Python\\Python313\\Lib\\site-packages\\PyInstaller\\hooks'
36956 INFO: Processing standard module hook 'hook-charset_normalizer.py' from 'C:\\Users\\Estudio\\AppData\\Local\\Programs\\Python\\Python313\\Lib\\site-packages\\_pyinstaller_hooks_contrib\\stdhooks'
38658 INFO: Processing standard module hook 'hook-xml.etree.cElementTree.py' from 'C:\\Users\\Estudio\\AppData\\Local\\Programs\\Python\\Python313\\Lib\\site-packages\\PyInstaller\\hooks'
39280 INFO: Processing standard module hook 'hook-PIL.ImageFilter.py' from 'C:\\Users\\Estudio\\AppData\\Local\\Programs\\Python\\Python313\\Lib\\site-packages\\PyInstaller\\hooks'
41042 INFO: Processing standard module hook 'hook-sqlite3.py' from 'C:\\Users\\Estudio\\AppData\\Local\\Programs\\Python\\Python313\\Lib\\site-packages\\PyInstaller\\hooks'
43004 INFO: Processing standard module hook 'hook-reportlab.lib.utils.py' from 'C:\\Users\\Estudio\\AppData\\Local\\Programs\\Python\\Python313\\Lib\\site-packages\\_pyinstaller_hooks_contrib\\stdhooks'
43290 INFO: Processing standard module hook 'hook-reportlab.pdfbase._fontdata.py' from 'C:\\Users\\Estudio\\AppData\\Local\\Programs\\Python\\Python313\\Lib\\site-packages\\_pyinstaller_hooks_contrib\\stdhooks'
51646 INFO: Processing standard module hook 'hook-xml.dom.domreg.py' from 'C:\\Users\\Estudio\\AppData\\Local\\Programs\\Python\\Python313\\Lib\\site-packages\\PyInstaller\\hooks'
52345 INFO: Processing standard module hook 'hook-urllib3.py' from 'C:\\Users\\Estudio\\AppData\\Local\\Programs\\Python\\Python313\\Lib\\site-packages\\_pyinstaller_hooks_contrib\\stdhooks'
52828 INFO: Processing pre-safe-import-module hook 'hook-backports.py' from 'C:\\Users\\Estudio\\AppData\\Local\\Programs\\Python\\Python313\\Lib\\site-packages\\PyInstaller\\hooks\\pre_safe_import_module'
52834 INFO: Setuptools: 'backports' appears to be a full setuptools-vendored copy - creating alias to 'setuptools._vendor.backports'!
52859 INFO: Processing standard module hook 'hook-setuptools.py' from 'C:\\Users\\Estudio\\AppData\\Local\\Programs\\Python\\Python313\\Lib\\site-packages\\PyInstaller\\hooks'
52923 INFO: Processing pre-safe-import-module hook 'hook-distutils.py' from 'C:\\Users\\Estudio\\AppData\\Local\\Programs\\Python\\Python313\\Lib\\site-packages\\PyInstaller\\hooks\\pre_safe_import_module'
53049 INFO: Processing pre-safe-import-module hook 'hook-jaraco.py' from 'C:\\Users\\Estudio\\AppData\\Local\\Programs\\Python\\Python313\\Lib\\site-packages\\PyInstaller\\hooks\\pre_safe_import_module'
53055 INFO: Setuptools: 'jaraco' appears to be a full setuptools-vendored copy - creating alias to 'setuptools._vendor.jaraco'!
53096 INFO: Processing pre-safe-import-module hook 'hook-more_itertools.py' from 'C:\\Users\\Estudio\\AppData\\Local\\Programs\\Python\\Python313\\Lib\\site-packages\\PyInstaller\\hooks\\pre_safe_import_module'
53101 INFO: Setuptools: 'more_itertools' appears to be a setuptools-vendored copy - creating alias to 'setuptools._vendor.more_itertools'!
54665 INFO: Processing standard module hook 'hook-setuptools._vendor.jaraco.text.py' from 'C:\\Users\\Estudio\\AppData\\Local\\Programs\\Python\\Python313\\Lib\\site-packages\\PyInstaller\\hooks'
54671 INFO: Processing pre-safe-import-module hook 'hook-importlib_resources.py' from 'C:\\Users\\Estudio\\AppData\\Local\\Programs\\Python\\Python313\\Lib\\site-packages\\PyInstaller\\hooks\\pre_safe_import_module'
55437 INFO: Processing pre-safe-import-module hook 'hook-importlib_metadata.py' from 'C:\\Users\\Estudio\\AppData\\Local\\Programs\\Python\\Python313\\Lib\\site-packages\\PyInstaller\\hooks\\pre_safe_import_module'
55443 INFO: Setuptools: 'importlib_metadata' appears to be a setuptools-vendored copy - creating alias to 'setuptools._vendor.importlib_metadata'!
55545 INFO: Processing standard module hook 'hook-setuptools._vendor.importlib_metadata.py' from 'C:\\Users\\Estudio\\AppData\\Local\\Programs\\Python\\Python313\\Lib\\site-packages\\PyInstaller\\hooks'
55661 INFO: Processing pre-safe-import-module hook 'hook-zipp.py' from 'C:\\Users\\Estudio\\AppData\\Local\\Programs\\Python\\Python313\\Lib\\site-packages\\PyInstaller\\hooks\\pre_safe_import_module'
55667 INFO: Setuptools: 'zipp' appears to be a setuptools-vendored copy - creating alias to 'setuptools._vendor.zipp'!
56560 INFO: Processing pre-safe-import-module hook 'hook-tomli.py' from 'C:\\Users\\Estudio\\AppData\\Local\\Programs\\Python\\Python313\\Lib\\site-packages\\PyInstaller\\hooks\\pre_safe_import_module'
56564 INFO: Setuptools: 'tomli' appears to be a setuptools-vendored copy - creating alias to 'setuptools._vendor.tomli'!
58521 INFO: Processing pre-safe-import-module hook 'hook-wheel.py' from 'C:\\Users\\Estudio\\AppData\\Local\\Programs\\Python\\Python313\\Lib\\site-packages\\PyInstaller\\hooks\\pre_safe_import_module'
58528 INFO: Setuptools: 'wheel' appears to be a setuptools-vendored copy - creating alias to 'setuptools._vendor.wheel'!
60611 INFO: Processing standard module hook 'hook-cryptography.py' from 'C:\\Users\\Estudio\\AppData\\Local\\Programs\\Python\\Python313\\Lib\\site-packages\\_pyinstaller_hooks_contrib\\stdhooks'
64305 INFO: hook-cryptography: cryptography does not seem to be using dynamically linked OpenSSL.
65722 INFO: Processing standard module hook 'hook-certifi.py' from 'C:\\Users\\Estudio\\AppData\\Local\\Programs\\Python\\Python313\\Lib\\site-packages\\_pyinstaller_hooks_contrib\\stdhooks'
66194 INFO: Analyzing hidden import 'PIL._tkinter_finder'
66199 INFO: Processing module hooks (post-graph stage)...
67446 INFO: Processing standard module hook 'hook-PIL.SpiderImagePlugin.py' from 'C:\\Users\\Estudio\\AppData\\Local\\Programs\\Python\\Python313\\Lib\\site-packages\\PyInstaller\\hooks'
69584 INFO: Processing standard module hook 'hook-_tkinter.py' from 'C:\\Users\\Estudio\\AppData\\Local\\Programs\\Python\\Python313\\Lib\\site-packages\\PyInstaller\\hooks'
69628 INFO: Performing binary vs. data reclassification (959 entries)
70328 INFO: Looking for ctypes DLLs
70374 WARNING: Ignoring AppKit.framework/AppKit imported from C:\Users\Estudio\AppData\Local\Programs\Python\Python313\Lib\site-packages\darkdetect\_mac_detect.py - only basenames are supported with ctypes imports!
70485 INFO: Analyzing run-time hooks ...
70495 INFO: Including run-time hook 'pyi_rth_pkgutil.py' from 'C:\\Users\\Estudio\\AppData\\Local\\Programs\\Python\\Python313\\Lib\\site-packages\\PyInstaller\\hooks\\rthooks'
70506 INFO: Including run-time hook 'pyi_rth_multiprocessing.py' from 'C:\\Users\\Estudio\\AppData\\Local\\Programs\\Python\\Python313\\Lib\\site-packages\\PyInstaller\\hooks\\rthooks'
70518 INFO: Including run-time hook 'pyi_rth_inspect.py' from 'C:\\Users\\Estudio\\AppData\\Local\\Programs\\Python\\Python313\\Lib\\site-packages\\PyInstaller\\hooks\\rthooks'
70529 INFO: Including run-time hook 'pyi_rth_setuptools.py' from 'C:\\Users\\Estudio\\AppData\\Local\\Programs\\Python\\Python313\\Lib\\site-packages\\PyInstaller\\hooks\\rthooks'
70537 INFO: Including run-time hook 'pyi_rth_cryptography_openssl.py' from 'C:\\Users\\Estudio\\AppData\\Local\\Programs\\Python\\Python313\\Lib\\site-packages\\_pyinstaller_hooks_contrib\\rthooks'
70542 INFO: Including run-time hook 'pyi_rth__tkinter.py' from 'C:\\Users\\Estudio\\AppData\\Local\\Programs\\Python\\Python313\\Lib\\site-packages\\PyInstaller\\hooks\\rthooks'
70657 INFO: Creating base_library.zip...
70719 INFO: Looking for dynamic libraries
74972 INFO: Extra DLL search directories (AddDllDirectory): ['C:\\Users\\Estudio\\AppData\\Local\\Programs\\Python\\Python313\\Lib\\site-packages\\numpy.libs']
74973 INFO: Extra DLL search directories (PATH): []
76705 INFO: Warnings written to E:\PROGRAMA CONTROLE OFICINA DE PESCA\PROGRAMA OFICINA\build\oficina\warn-oficina.txt
76993 INFO: Graph cross-reference written to E:\PROGRAMA CONTROLE OFICINA DE PESCA\PROGRAMA OFICINA\build\oficina\xref-oficina.html
77202 INFO: checking PYZ
77204 INFO: Building PYZ because PYZ-00.toc is non existent
77206 INFO: Building PYZ (ZlibArchive) E:\PROGRAMA CONTROLE OFICINA DE PESCA\PROGRAMA OFICINA\build\oficina\PYZ-00.pyz
79879 INFO: Building PYZ (ZlibArchive) E:\PROGRAMA CONTROLE OFICINA DE PESCA\PROGRAMA OFICINA\build\oficina\PYZ-00.pyz completed successfully.
79954 INFO: checking PKG
79955 INFO: Building PKG because PKG-00.toc is non existent
79956 INFO: Building PKG (CArchive) Oficina_Pesca.pkg
80060 INFO: Building PKG (CArchive) Oficina_Pesca.pkg completed successfully.
80064 INFO: Bootloader C:\Users\Estudio\AppData\Local\Programs\Python\Python313\Lib\site-packages\PyInstaller\bootloader\Windows-64bit-intel\runw.exe
80065 INFO: checking EXE
80067 INFO: Building EXE because EXE-00.toc is non existent
80068 INFO: Building EXE from EXE-00.toc
80071 INFO: Copying bootloader EXE to E:\PROGRAMA CONTROLE OFICINA DE PESCA\PROGRAMA OFICINA\build\oficina\Oficina_Pesca.exe
80169 INFO: Copying icon to EXE
80184 INFO: Copying 0 resources to EXE
80186 INFO: Embedding manifest in EXE
80200 INFO: Appending PKG archive to EXE
80221 INFO: Fixing EXE headers
80646 INFO: Building EXE from EXE-00.toc completed successfully.
80676 INFO: checking COLLECT
80677 INFO: Building COLLECT because COLLECT-00.toc is non existent
ERROR: The output directory "E:\PROGRAMA CONTROLE OFICINA DE PESCA\PROGRAMA OFICINA\dist\Oficina_Pesca" is not empty. Please remove all its contents or use the -y option (remove output directory without confirmation).
